--- # QmLog file for SHQB
1626853779155: QmZuPXinFe1YqsJ8HT61wb8KjLpVGX9uvqciaT7QddCbhy
1626855018957: QmXc2B9CfWMCRiVrzw258aPATgT8qzBvLcsv2XqMV8Gomz
1626855101668: Qmcw8uMXdwQNH4ifHQcq7NF2NZVAG9LH5RCHNUiCwWH6nU
1626856826395: QmPpA6bRJC3YKWZByduuMBDopw2cMpy4HNqL9udq6K5WLE
1626856889563: QmUmxJk5PL7J53fBdSoWa44sEy3Zz2iphPauggQKzZuvt1
1626856959524: QmSzfDQTUfpEXpmoNhoV6Rv4wizE7GRuvw3Vm8tz6NYzMD
1626857997954: QmRvbBaVhHRJudctdpYCFo948pLUjAngdPSq5cmJBxvfbL
1626858042015: QmTFCEeuUTV3cLV6xNBceGXSE1qbXa9zA5oMwe1eCX3VYn
1626858076857: QmaaCEZVvHH1XuMXTdYnxHrWEtVD2xwocWbFZEarBGihH1
1626861683798: QmagJ3jfDBTyNiQ7brkkAynttrcTEGi5V89AiBEMtTmjda
1626862925428: QmaogfmnFbxq9bFdW5Q7DizPTpaRpCHebmxCjnEL7nLTQF
1626863160548: QmbevbyXeujioHNAVQTyZxNQ4M7j53KvR5zaJtLo3etzDA
1626866097238: Qmcwc3TNegxiXdemy9rLDFVc3bfCyyzpvjRZhZY1iGYm3P
1626866325671: QmSZp1fGGkq4BHK4AMfLNgovryJ5MmtLBiPjRiPRKLSsut
1626869174444: QmWYfbRLZHsWQ9HqAp5vNSiAruJB5tMFHEvSqXQgmBMw7N
1626870018889: QmZnXSNoJyhk6QjsWPYLQSW19z698iyt8uHgA5D3uyuWo7
1626875074201: QmX1FQgiKjBfoM4r1TBirrsTpRTjN9o5SgQBugr9gNKdFV
1626881905779: QmcqYPYZheDnCRCcwE6TfbND89TtwrZ1dQrD5yGq2tQ4Jx
1626897605369: QmVkPy7xfpe9UVTN1vywqt1JWGF5wRqKcEkhQmq2B5kmCk
1626897746630: QmQKyC11H2cCZ8pgXqpwFpGDJFMmRienr7sXdto1zSVEh1
1626922319672: QmTmd7uEiAeFR1cY4Ei98KaXsGUCFJrqGSU6peVfMLGKgX
1626924562241: Qma84ufLn7399a7ZLpK6NtbmMzgQYw4hSGq2FJvkbYfaqc
1626924598940: QmQRwZi8YHJzQEPJcLjEeb4YMVP5JUKvmp2KJhiC92XFvN
1626925358539: QmdZ2GJAwshY5MiDhMNUTKyFtQmPqi7udahXKYY65oz2hD
1626925479966: QmSv7urpQaoXkPjEjfTNhJ1pG1XnJr9tyTZvTXcJbFYoB1
1626926190557: QmWM3gAruia5Xv6FNpPSDB8zehUiAJTueKKv3dkWm17kSG
1626927273438: QmQJYuUeYNgjggR1gM8THTs6RbcRd6uyufNwhoXPfvahfq
1626929866658: QmSCDzLbQTsGp2eHFSeNuVBYVhpfRKgEBCV5NZct6d5Uum
1626929928044: QmUSTQEADcQG6nx8hug4Vb1wi999ttqq6Jt5NtEqjNpLzG
1626930163061: QmUNwUT6ZtT3p7b4h3rzzsEVNGGCnvgvTE5askFmfzN7ew
1626931240539: QmWfvxpUFpM9Lgtcy7MKjLVGCXf3StRrNEG3rDt6ZizySZ
1626931299755: QmcqBjHYKTLXwaoHxGjKhDVfP9AZsnquxq8nxMYFNEW7Uk
1626931379608: QmNmfb9XCNHrVLLHxXedvZwshUAn32bdnAQNBxxrLhU9HP
1626931405078: Qmdmcdez1QM2UxoD1w7a2N4y7W779ynfkDRKFeg5q7cMdC
1626932259633: QmXmnMFUXot4aLAn7Aj4omkw42fV9kHF4v8aNKE4mdQpwd
1626941643340: QmcRmbV9MFitPiCv5HTLd8B4bqaBatV7xThaUrYGjCXgS4
1626941704336: Qmd9wWNs9hfZYiMpLC8RypH8mSu97298cLwC1b8Zs6BGk7
1626942294547: Qmb4a8wXt1wfZgMCpA6v6Ekaz6aCdgZ9WqckMcJGGQ21tH
1626942329170: QmQoyDt8FAdSxBJij7LRcACeGjViWbtzyEA1kVdeK3GCTc
1626942477743: QmbGLsR1cnKvUtjUCdnhXAFaXE6CXXxRFmUnGxGnjZDQBJ
1626942511562: QmRSqmU8iYhGuSo6dHbQEwrHg3Pdj7jKGS8JonfgCapibt
1626942699283: QmarJhGV28Eihm6o3exf3x3LW4vSSHMEvPZG8mHZFadvbk
1626942841887: QmYMQXkLVSA5VrLYRbkiKS5s2SunYdXLpJAdWB7guPL8UH
1626943049028: QmUg2MM7dBiXnrfKmLHSeRqEz91teAESCsi5eg9ucxgiNK
1626948632131: QmX7cspb4UxdWngLb4hugigZqqgzKUdWxY9b76764pqW4P
1626949388242: QmaxxRvgpd5gXJY3WyXuoqRYxURGnUZxSW4XYEuk9cqNVC
1626954217763: QmaKygaDghX47YAEs2jXAgjsrviGBjfa4jG6KBFEgZcG9K
1626954602921: QmPUS4T18wgKHtVx5vpGDAFWJQFp4MSavox97hh2Mds9we
1626954864215: Qmat17DGWKdodZ9fRQxQnwc1NNgErxX9rmdNH1GigtbeJA
1626956807209: QmbwUTHSobePUmt3Z1SAEW5N3QCboHgwSdNyfcpxuGsXWK
1626961163647: QmZSeKPeiMWEDGDJ1XFUzxA9ToJyjbXTJmxcwDVffdKPGF
1626967469573: QmTN1vfUSb2xEG1mS2SVVtK7AGL5V1jPD9HDRS1sCYZzeJ
1626971181319: QmRTfURnAuAeum3HT5PWKdv73yTGLftagCoVUaMHobN7be
